<?xml version="1.0" encoding="UTF-8"?>
<robot generator="Robot 7.0 (Python 3.11.4 on linux)" generated="2024-04-22T16:33:38.505777" rpa="false" schemaversion="5">
<suite id="s1" name="Datadriven" source="/home/mayurbaviskar/Study/RobotFramework_usingPython/Datadriven.robot">
<test id="s1-t1" name="Login with user practice and password SuperSecretPassword!" line="6">
<kw name="Login With User And Password">
<kw name="Log Many" owner="BuiltIn">
<msg time="2024-04-22T16:33:38.966372" level="INFO">practice</msg>
<msg time="2024-04-22T16:33:38.966438" level="INFO">SuperSecretPassword!</msg>
<arg>${Username}</arg>
<arg>${Password}</arg>
<doc>Logs the given messages as separate entries using the INFO level.</doc>
<status status="PASS" start="2024-04-22T16:33:38.966243" elapsed="0.000239"/>
</kw>
<arg>Username=practice</arg>
<arg>Password=SuperSecretPassword!</arg>
<status status="PASS" start="2024-04-22T16:33:38.965758" elapsed="0.000827"/>
</kw>
<status status="PASS" start="2024-04-22T16:33:38.964471" elapsed="0.002263"/>
</test>
<test id="s1-t2" name="Login with user mayur and password 12345" line="6">
<kw name="Login With User And Password">
<kw name="Log Many" owner="BuiltIn">
<msg time="2024-04-22T16:33:38.968908" level="INFO">mayur</msg>
<msg time="2024-04-22T16:33:38.969001" level="INFO">12345</msg>
<arg>${Username}</arg>
<arg>${Password}</arg>
<doc>Logs the given messages as separate entries using the INFO level.</doc>
<status status="PASS" start="2024-04-22T16:33:38.968760" elapsed="0.000296"/>
</kw>
<arg>Username=mayur</arg>
<arg>Password=12345</arg>
<status status="PASS" start="2024-04-22T16:33:38.968368" elapsed="0.000782"/>
</kw>
<status status="PASS" start="2024-04-22T16:33:38.966949" elapsed="0.002374"/>
</test>
<test id="s1-t3" name="Login with user 22kar and password 58976" line="6">
<kw name="Login With User And Password">
<kw name="Log Many" owner="BuiltIn">
<msg time="2024-04-22T16:33:38.971476" level="INFO">22kar</msg>
<msg time="2024-04-22T16:33:38.971569" level="INFO">58976</msg>
<arg>${Username}</arg>
<arg>${Password}</arg>
<doc>Logs the given messages as separate entries using the INFO level.</doc>
<status status="PASS" start="2024-04-22T16:33:38.971280" elapsed="0.000354"/>
</kw>
<arg>Username=22kar</arg>
<arg>Password=58976</arg>
<status status="PASS" start="2024-04-22T16:33:38.970819" elapsed="0.000915"/>
</kw>
<status status="PASS" start="2024-04-22T16:33:38.969546" elapsed="0.002386"/>
</test>
<status status="PASS" start="2024-04-22T16:33:38.506688" elapsed="0.465771"/>
</suite>
<statistics>
<total>
<stat pass="3" fail="0" skip="0">All Tests</stat>
</total>
<tag>
</tag>
<suite>
<stat pass="3" fail="0" skip="0" id="s1" name="Datadriven">Datadriven</stat>
</suite>
</statistics>
<errors>
</errors>
</robot>
