<?xml version="1.0" encoding="UTF-8"?>
<robot generator="Robot 7.0 (Python 3.11.4 on linux)" generated="2024-04-28T19:38:57.946868" rpa="false" schemaversion="5">
<suite id="s1" name="Test" source="/home/mayurbaviskar/Study/RobotFramework_usingPython/PageObject/Testcases/test.robot">
<test id="s1-t1" name="Login Test case" line="18">
<kw name="open mybrowser" owner="Loginpage" type="SETUP">
<kw name="Open Browser" owner="SeleniumLibrary">
<msg time="2024-04-28T19:38:58.580859" level="INFO">Opening browser 'chrome' to base url 'https://opensource-demo.orangehrmlive.com/web/index.php/auth/login'.</msg>
<arg>${url}</arg>
<arg>${Browser}</arg>
<doc>Opens a new browser instance to the optional ``url``.</doc>
<status status="PASS" start="2024-04-28T19:38:58.579618" elapsed="35.043626"/>
</kw>
<arg>${urL}</arg>
<arg>${Browser}</arg>
<status status="PASS" start="2024-04-28T19:38:58.574748" elapsed="35.050395"/>
</kw>
<kw name="Log To Console" owner="BuiltIn">
<arg>This is login test</arg>
<doc>Logs the given message to the console.</doc>
<status status="PASS" start="2024-04-28T19:39:33.627151" elapsed="0.001403"/>
</kw>
<kw name="Sleep" owner="BuiltIn">
<msg time="2024-04-28T19:39:48.631096" level="INFO">Slept 15 seconds.</msg>
<arg>15 seconds</arg>
<doc>Pauses the test executed for the given time.</doc>
<status status="PASS" start="2024-04-28T19:39:33.629852" elapsed="15.001708"/>
</kw>
<kw name="Enter username" owner="Loginpage">
<kw name="Input Text" owner="SeleniumLibrary">
<msg time="2024-04-28T19:39:48.633644" level="INFO">Typing text 'Admin' into text field 'xpath://input[@placeholder='Username']'.</msg>
<arg>${txt_Loginusername}</arg>
<arg>${username}</arg>
<doc>Types the given ``text`` into the text field identified by ``locator``.</doc>
<status status="PASS" start="2024-04-28T19:39:48.632673" elapsed="1.153877"/>
</kw>
<arg>${username}</arg>
<status status="PASS" start="2024-04-28T19:39:48.632107" elapsed="1.154654"/>
</kw>
<kw name="Enter password" owner="Loginpage">
<kw name="Input Text" owner="SeleniumLibrary">
<msg time="2024-04-28T19:39:49.788181" level="INFO">Typing text 'admin123' into text field 'xpath://input[@name='password']'.</msg>
<arg>${txt_Loginpassword}</arg>
<arg>${password}</arg>
<doc>Types the given ``text`` into the text field identified by ``locator``.</doc>
<status status="PASS" start="2024-04-28T19:39:49.787760" elapsed="0.096780"/>
</kw>
<arg>${password}</arg>
<status status="PASS" start="2024-04-28T19:39:49.787162" elapsed="0.097517"/>
</kw>
<kw name="Click Login button" owner="Loginpage">
<kw name="Click Element" owner="SeleniumLibrary">
<msg time="2024-04-28T19:39:49.885584" level="INFO">Clicking element 'xpath://button[@type='submit']'.</msg>
<arg>${btn_login}</arg>
<doc>Click the element identified by ``locator``.</doc>
<status status="PASS" start="2024-04-28T19:39:49.885363" elapsed="8.493740"/>
</kw>
<status status="PASS" start="2024-04-28T19:39:49.885003" elapsed="8.494840"/>
</kw>
<kw name="Close Browser" owner="SeleniumLibrary" type="TEARDOWN">
<doc>Closes the current browser.</doc>
<status status="PASS" start="2024-04-28T19:39:58.381315" elapsed="0.500438"/>
</kw>
<tag>Sanity</tag>
<status status="PASS" start="2024-04-28T19:38:58.572099" elapsed="60.310494"/>
</test>
<test id="s1-t2" name="Login Test case" line="26">
<kw name="open mybrowser" owner="Loginpage" type="SETUP">
<kw name="Open Browser" owner="SeleniumLibrary">
<msg time="2024-04-28T19:39:58.893121" level="INFO">Opening browser 'chrome' to base url 'https://opensource-demo.orangehrmlive.com/web/index.php/auth/login'.</msg>
<arg>${url}</arg>
<arg>${Browser}</arg>
<doc>Opens a new browser instance to the optional ``url``.</doc>
<status status="PASS" start="2024-04-28T19:39:58.891841" elapsed="37.308095"/>
</kw>
<arg>${urL}</arg>
<arg>${Browser}</arg>
<status status="PASS" start="2024-04-28T19:39:58.889599" elapsed="37.310484"/>
</kw>
<kw name="Log To Console" owner="BuiltIn">
<arg>This is login test</arg>
<doc>Logs the given message to the console.</doc>
<status status="PASS" start="2024-04-28T19:40:36.200322" elapsed="0.000187"/>
</kw>
<kw name="Sleep" owner="BuiltIn">
<msg time="2024-04-28T19:40:51.201094" level="INFO">Slept 15 seconds.</msg>
<arg>15 seconds</arg>
<doc>Pauses the test executed for the given time.</doc>
<status status="PASS" start="2024-04-28T19:40:36.200632" elapsed="15.000725"/>
</kw>
<kw name="Enter username" owner="Loginpage">
<kw name="Input Text" owner="SeleniumLibrary">
<msg time="2024-04-28T19:40:51.203447" level="INFO">Typing text 'Admin' into text field 'xpath://input[@placeholder='Username']'.</msg>
<arg>${txt_Loginusername}</arg>
<arg>${username}</arg>
<doc>Types the given ``text`` into the text field identified by ``locator``.</doc>
<status status="PASS" start="2024-04-28T19:40:51.202870" elapsed="0.137652"/>
</kw>
<arg>${username}</arg>
<status status="PASS" start="2024-04-28T19:40:51.201996" elapsed="0.138676"/>
</kw>
<kw name="Enter password" owner="Loginpage">
<kw name="Input Text" owner="SeleniumLibrary">
<msg time="2024-04-28T19:40:51.341569" level="INFO">Typing text 'admin123' into text field 'xpath://input[@name='password']'.</msg>
<arg>${txt_Loginpassword}</arg>
<arg>${password}</arg>
<doc>Types the given ``text`` into the text field identified by ``locator``.</doc>
<status status="PASS" start="2024-04-28T19:40:51.341344" elapsed="0.109426"/>
</kw>
<arg>${password}</arg>
<status status="PASS" start="2024-04-28T19:40:51.340943" elapsed="0.109989"/>
</kw>
<kw name="Click Login button" owner="Loginpage">
<kw name="Click Element" owner="SeleniumLibrary">
<msg time="2024-04-28T19:40:51.452074" level="INFO">Clicking element 'xpath://button[@type='submit']'.</msg>
<arg>${btn_login}</arg>
<doc>Click the element identified by ``locator``.</doc>
<status status="PASS" start="2024-04-28T19:40:51.451777" elapsed="0.053261"/>
</kw>
<status status="PASS" start="2024-04-28T19:40:51.451301" elapsed="0.054025"/>
</kw>
<kw name="Close Browser" owner="SeleniumLibrary" type="TEARDOWN">
<doc>Closes the current browser.</doc>
<status status="PASS" start="2024-04-28T19:40:51.505792" elapsed="0.292848"/>
</kw>
<tag>Sanity</tag>
<status status="PASS" start="2024-04-28T19:39:58.886972" elapsed="52.911815"/>
</test>
<status status="PASS" start="2024-04-28T19:38:57.947910" elapsed="113.851350"/>
</suite>
<statistics>
<total>
<stat pass="2" fail="0" skip="0">All Tests</stat>
</total>
<tag>
<stat pass="2" fail="0" skip="0">Sanity</stat>
</tag>
<suite>
<stat pass="2" fail="0" skip="0" id="s1" name="Test">Test</stat>
</suite>
</statistics>
<errors>
<msg time="2024-04-28T19:39:58.886375" level="WARN">Multiple tests with name 'Login Test case' executed in suite 'Test'.</msg>
</errors>
</robot>
